<?xml version="1.0" encoding="UTF-8"?>
<!-- Generated by org.testng.reporters.JUnitReportReporter -->
<testsuite skipped="0" hostname="ADMIN-PC" name="Store.SignInStoreTest" tests="1" failures="0" timestamp="15 Apr 2019 11:02:36 GMT" time="20.419" errors="0">
  <testcase name="Login" time="20.419" classname="Store.SignInStoreTest"/>
</testsuite> <!-- Store.SignInStoreTest -->
