<?xml version="1.0" encoding="UTF-8"?>
<!-- Generated by org.testng.reporters.JUnitReportReporter -->
<testsuite skipped="0" hostname="ADMIN-PC" name="Store.ProductSelectTest" tests="5" failures="0" timestamp="16 Apr 2019 08:30:33 GMT" time="63.764" errors="0">
  <testcase name="ProductSelectTest12" time="5.748" classname="Store.ProductSelectTest"/>
  <testcase name="ProductSelectTest12" time="10.083" classname="Store.ProductSelectTest"/>
  <testcase name="UserDetails" time="0.010" classname="Store.ProductSelectTest"/>
  <testcase name="ProductSelectTest12" time="7.202" classname="Store.ProductSelectTest"/>
  <testcase name="selectedAddToCart" time="40.721" classname="Store.ProductSelectTest"/>
</testsuite> <!-- Store.ProductSelectTest -->
