<?xml version="1.0" encoding="UTF-8"?>
<!-- Generated by org.testng.reporters.JUnitReportReporter -->
<testsuite skipped="0" hostname="ADMIN-PC" name="Store.SelectProduct" tests="1" failures="0" timestamp="06 Feb 2019 10:22:13 GMT" time="20.992" errors="0">
  <testcase name="TestSelectProduct" time="20.992" classname="Store.SelectProduct"/>
</testsuite> <!-- Store.SelectProduct -->
