<?xml version="1.0" encoding="UTF-8"?>
<!-- Generated by org.testng.reporters.JUnitReportReporter -->
<testsuite skipped="0" hostname="ADMIN-PC" name="Store.StoreTest" tests="1" failures="0" timestamp="07 Feb 2019 08:38:25 GMT" time="43.670" errors="0">
  <testcase name="Register" time="43.670" classname="Store.StoreTest"/>
</testsuite> <!-- Store.StoreTest -->
