<?xml version="1.0" encoding="UTF-8"?>
<!-- Generated by org.testng.reporters.JUnitReportReporter -->
<testsuite skipped="0" hostname="ADMIN-PC" name="Store.SignInToStore" tests="1" failures="0" timestamp="11 Feb 2019 08:20:14 GMT" time="13.704" errors="0">
  <testcase name="beforeMethod" time="13.704" classname="Store.SignInToStore"/>
</testsuite> <!-- Store.SignInToStore -->
