<?xml version="1.0" encoding="UTF-8"?>
<!-- Generated by org.testng.reporters.JUnitReportReporter -->
<testsuite skipped="0" hostname="ADMIN-PC" name="Admin.Login" tests="1" failures="0" timestamp="01 Feb 2019 08:05:42 GMT" time="12.306" errors="0">
  <testcase name="f" time="12.306" classname="Admin.Login"/>
</testsuite> <!-- Admin.Login -->
