<?xml version="1.0" encoding="UTF-8"?>
<!-- Generated by org.testng.reporters.JUnitReportReporter -->
<testsuite skipped="0" hostname="ADMIN-PC" name="Store.RegisterToStoreTest" tests="1" failures="0" timestamp="16 Apr 2019 08:30:33 GMT" time="13.565" errors="0">
  <testcase name="Register" time="13.565" classname="Store.RegisterToStoreTest"/>
</testsuite> <!-- Store.RegisterToStoreTest -->
